\BOOKMARK [0][-]{part.1}{\376\377\000I\000\040\000G\000u\000i\000d\000e\000\040\000d\000e\000\040\000C\000o\000n\000f\000i\000g\000u\000r\000a\000t\000i\000o\000n}{}% 1
\BOOKMARK [1][-]{section.1}{\376\377\000P\000r\000\351\000r\000e\000q\000u\000i\000s}{part.1}% 2
\BOOKMARK [1][-]{section.2}{\376\377\000M\000\351\000t\000h\000o\000d\000e\000\040\0001\000\040\000:\000\040\000V\000S\000\040\000C\000o\000d\000e\000\040\000D\000e\000v\000\040\000C\000o\000n\000t\000a\000i\000n\000e\000r\000\040\000\050\000R\000e\000c\000o\000m\000m\000a\000n\000d\000\351\000e\000\051}{part.1}% 3
\BOOKMARK [2][-]{subsection.2.1}{\376\377\000\311\000t\000a\000p\000e\000\040\0001\000\040\000:\000\040\000I\000n\000s\000t\000a\000l\000l\000e\000r\000\040\000l\000'\000e\000x\000t\000e\000n\000s\000i\000o\000n\000\040\000D\000e\000v\000\040\000C\000o\000n\000t\000a\000i\000n\000e\000r\000s}{section.2}% 4
\BOOKMARK [2][-]{subsection.2.2}{\376\377\000\311\000t\000a\000p\000e\000\040\0002\000\040\000:\000\040\000C\000l\000o\000n\000e\000r\000\040\000l\000e\000\040\000r\000e\000p\000o\000s\000i\000t\000o\000r\000y}{section.2}% 5
\BOOKMARK [2][-]{subsection.2.3}{\376\377\000\311\000t\000a\000p\000e\000\040\0003\000\040\000:\000\040\000O\000u\000v\000r\000i\000r\000\040\000d\000a\000n\000s\000\040\000l\000e\000\040\000c\000o\000n\000t\000a\000i\000n\000e\000r}{section.2}% 6
\BOOKMARK [2][-]{subsection.2.4}{\376\377\000\311\000t\000a\000p\000e\000\040\0004\000\040\000:\000\040\000A\000t\000t\000e\000n\000d\000r\000e\000\040\000l\000e\000\040\000b\000u\000i\000l\000d}{section.2}% 7
\BOOKMARK [2][-]{subsection.2.5}{\376\377\000\311\000t\000a\000p\000e\000\040\0005\000\040\000:\000\040\000A\000c\000c\000\351\000d\000e\000r\000\040\000\340\000\040\000J\000u\000p\000y\000t\000e\000r\000\040\000L\000a\000b}{section.2}% 8
\BOOKMARK [1][-]{section.3}{\376\377\000M\000\351\000t\000h\000o\000d\000e\000\040\0002\000\040\000:\000\040\000D\000o\000c\000k\000e\000r\000\040\000C\000o\000m\000p\000o\000s\000e}{part.1}% 9
\BOOKMARK [2][-]{subsection.3.1}{\376\377\000D\000\351\000m\000a\000r\000r\000e\000r\000\040\000l\000e\000\040\000c\000o\000n\000t\000a\000i\000n\000e\000r}{section.3}% 10
\BOOKMARK [2][-]{subsection.3.2}{\376\377\000A\000c\000c\000\351\000d\000e\000r\000\040\000a\000u\000x\000\040\000s\000e\000r\000v\000i\000c\000e\000s}{section.3}% 11
\BOOKMARK [1][-]{section.4}{\376\377\000V\000\351\000r\000i\000f\000i\000c\000a\000t\000i\000o\000n\000\040\000d\000e\000\040\000l\000'\000i\000n\000s\000t\000a\000l\000l\000a\000t\000i\000o\000n}{part.1}% 12
\BOOKMARK [2][-]{subsection.4.1}{\376\377\000P\000y\000t\000h\000o\000n\000\040\000e\000t\000\040\000p\000a\000c\000k\000a\000g\000e\000s\000\040\000M\000L}{section.4}% 13
\BOOKMARK [2][-]{subsection.4.2}{\376\377\000O\000u\000t\000i\000l\000s\000\040\000s\000y\000s\000t\000\350\000m\000e}{section.4}% 14
\BOOKMARK [1][-]{section.5}{\376\377\000C\000o\000m\000m\000a\000n\000d\000e\000s\000\040\000u\000t\000i\000l\000e\000s}{part.1}% 15
\BOOKMARK [2][-]{subsection.5.1}{\376\377\000G\000e\000s\000t\000i\000o\000n\000\040\000d\000u\000\040\000c\000o\000n\000t\000a\000i\000n\000e\000r}{section.5}% 16
\BOOKMARK [2][-]{subsection.5.2}{\376\377\000S\000e\000r\000v\000i\000c\000e\000s\000\040\000o\000p\000t\000i\000o\000n\000n\000e\000l\000s}{section.5}% 17
\BOOKMARK [1][-]{section.6}{\376\377\000R\000\351\000s\000o\000l\000u\000t\000i\000o\000n\000\040\000d\000e\000\040\000p\000r\000o\000b\000l\000\350\000m\000e\000s}{part.1}% 18
\BOOKMARK [2][-]{subsection.6.1}{\376\377\000P\000o\000r\000t\000\040\000d\000\351\000j\000\340\000\040\000u\000t\000i\000l\000i\000s\000\351}{section.6}% 19
\BOOKMARK [2][-]{subsection.6.2}{\376\377\000M\000\351\000m\000o\000i\000r\000e\000\040\000i\000n\000s\000u\000f\000f\000i\000s\000a\000n\000t\000e}{section.6}% 20
\BOOKMARK [2][-]{subsection.6.3}{\376\377\000P\000e\000r\000m\000i\000s\000s\000i\000o\000n\000s\000\040\000s\000u\000r\000\040\000L\000i\000n\000u\000x\000/\000m\000a\000c\000O\000S}{section.6}% 21
\BOOKMARK [0][-]{part.2}{\376\377\000I\000I\000\040\000G\000u\000i\000d\000e\000\040\000d\000e\000s\000\040\000O\000u\000t\000i\000l\000s}{}% 22
\BOOKMARK [1][-]{section.7}{\376\377\000O\000u\000t\000i\000l\000s\000\040\000S\000y\000s\000t\000\350\000m\000e\000\040\000\050\000L\000i\000n\000u\000x\000\051}{part.2}% 23
\BOOKMARK [2][-]{subsection.7.1}{\376\377\000C\000o\000m\000p\000r\000e\000s\000s\000i\000o\000n\000\040\000/\000\040\000A\000r\000c\000h\000i\000v\000e\000s}{section.7}% 24
\BOOKMARK [2][-]{subsection.7.2}{\376\377\000I\000m\000a\000g\000e\000M\000a\000g\000i\000c\000k}{section.7}% 25
\BOOKMARK [2][-]{subsection.7.3}{\376\377\000F\000F\000m\000p\000e\000g}{section.7}% 26
\BOOKMARK [2][-]{subsection.7.4}{\376\377\000P\000D\000F\000\040\000T\000o\000o\000l\000s\000\040\000\050\000p\000o\000p\000p\000l\000e\000r\000-\000u\000t\000i\000l\000s\000\051}{section.7}% 27
\BOOKMARK [2][-]{subsection.7.5}{\376\377\000L\000i\000b\000r\000e\000O\000f\000f\000i\000c\000e\000\040\000\050\000M\000o\000d\000e\000\040\000H\000e\000a\000d\000l\000e\000s\000s\000\051}{section.7}% 28
\BOOKMARK [2][-]{subsection.7.6}{\376\377\000T\000e\000s\000s\000e\000r\000a\000c\000t\000\040\000O\000C\000R}{section.7}% 29
\BOOKMARK [2][-]{subsection.7.7}{\376\377\000S\000o\000x\000\040\000\050\000A\000u\000d\000i\000o\000\051}{section.7}% 30
\BOOKMARK [1][-]{section.8}{\376\377\000M\000a\000c\000h\000i\000n\000e\000\040\000L\000e\000a\000r\000n\000i\000n\000g\000\040\000\046\000\040\000D\000e\000e\000p\000\040\000L\000e\000a\000r\000n\000i\000n\000g}{part.2}% 31
\BOOKMARK [2][-]{subsection.8.1}{\376\377\000s\000c\000i\000k\000i\000t\000-\000l\000e\000a\000r\000n}{section.8}% 32
\BOOKMARK [2][-]{subsection.8.2}{\376\377\000P\000y\000T\000o\000r\000c\000h}{section.8}% 33
\BOOKMARK [2][-]{subsection.8.3}{\376\377\000X\000G\000B\000o\000o\000s\000t}{section.8}% 34
\BOOKMARK [1][-]{section.9}{\376\377\000D\000a\000t\000a\000\040\000P\000r\000o\000c\000e\000s\000s\000i\000n\000g}{part.2}% 35
\BOOKMARK [2][-]{subsection.9.1}{\376\377\000P\000a\000n\000d\000a\000s}{section.9}% 36
\BOOKMARK [2][-]{subsection.9.2}{\376\377\000P\000o\000l\000a\000r\000s\000\040\000\050\000A\000l\000t\000e\000r\000n\000a\000t\000i\000v\000e\000\040\000r\000a\000p\000i\000d\000e\000\051}{section.9}% 37
\BOOKMARK [1][-]{section.10}{\376\377\000V\000i\000s\000u\000a\000l\000i\000s\000a\000t\000i\000o\000n}{part.2}% 38
\BOOKMARK [2][-]{subsection.10.1}{\376\377\000M\000a\000t\000p\000l\000o\000t\000l\000i\000b}{section.10}% 39
\BOOKMARK [2][-]{subsection.10.2}{\376\377\000S\000e\000a\000b\000o\000r\000n}{section.10}% 40
\BOOKMARK [2][-]{subsection.10.3}{\376\377\000P\000l\000o\000t\000l\000y\000\040\000\050\000I\000n\000t\000e\000r\000a\000c\000t\000i\000f\000\051}{section.10}% 41
\BOOKMARK [1][-]{section.11}{\376\377\000N\000L\000P\000\040\000\046\000\040\000L\000L\000M}{part.2}% 42
\BOOKMARK [2][-]{subsection.11.1}{\376\377\000T\000r\000a\000n\000s\000f\000o\000r\000m\000e\000r\000s\000\040\000\050\000H\000u\000g\000g\000i\000n\000g\000\040\000F\000a\000c\000e\000\051}{section.11}% 43
\BOOKMARK [2][-]{subsection.11.2}{\376\377\000s\000p\000a\000C\000y}{section.11}% 44
\BOOKMARK [1][-]{section.12}{\376\377\000P\000D\000F\000\040\000\046\000\040\000D\000o\000c\000u\000m\000e\000n\000t\000s}{part.2}% 45
\BOOKMARK [2][-]{subsection.12.1}{\376\377\000p\000y\000p\000d\000f}{section.12}% 46
\BOOKMARK [2][-]{subsection.12.2}{\376\377\000p\000y\000t\000h\000o\000n\000-\000d\000o\000c\000x}{section.12}% 47
\BOOKMARK [2][-]{subsection.12.3}{\376\377\000p\000y\000t\000e\000s\000s\000e\000r\000a\000c\000t\000\040\000\050\000O\000C\000R\000\040\000P\000y\000t\000h\000o\000n\000\051}{section.12}% 48
\BOOKMARK [1][-]{section.13}{\376\377\000W\000e\000b\000\040\000\046\000\040\000A\000P\000I}{part.2}% 49
\BOOKMARK [2][-]{subsection.13.1}{\376\377\000F\000a\000s\000t\000A\000P\000I}{section.13}% 50
\BOOKMARK [2][-]{subsection.13.2}{\376\377\000S\000t\000r\000e\000a\000m\000l\000i\000t}{section.13}% 51
\BOOKMARK [2][-]{subsection.13.3}{\376\377\000G\000r\000a\000d\000i\000o}{section.13}% 52
\BOOKMARK [1][-]{section.14}{\376\377\000M\000L\000\040\000U\000t\000i\000l\000i\000t\000i\000e\000s}{part.2}% 53
\BOOKMARK [2][-]{subsection.14.1}{\376\377\000M\000L\000f\000l\000o\000w}{section.14}% 54
\BOOKMARK [2][-]{subsection.14.2}{\376\377\000O\000p\000t\000u\000n\000a}{section.14}% 55
\BOOKMARK [2][-]{subsection.14.3}{\376\377\000S\000H\000A\000P\000\040\000\050\000E\000x\000p\000l\000a\000i\000n\000a\000b\000i\000l\000i\000t\000y\000\051}{section.14}% 56
\BOOKMARK [1][-]{appendix.A}{\376\377\000R\000\351\000c\000a\000p\000i\000t\000u\000l\000a\000t\000i\000f\000\040\000d\000e\000s\000\040\000P\000o\000r\000t\000s}{part.2}% 57
\BOOKMARK [1][-]{appendix.B}{\376\377\000S\000t\000r\000u\000c\000t\000u\000r\000e\000\040\000d\000u\000\040\000P\000r\000o\000j\000e\000t}{part.2}% 58
